{
  "stats": {
    "suites": 63,
    "tests": 189,
    "passes": 189,
    "pending": 0,
    "failures": 0,
    "start": "2018-07-10T17:19:32.789Z",
    "end": "2018-07-10T17:22:36.686Z",
    "duration": 183897,
    "testsRegistered": 189,
    "passPercent": 100,
    "pendingPercent": 0,
    "other": 0,
    "hasOther": false,
    "skipped": 0,
    "hasSkipped": false,
    "passPercentClass": "success",
    "pendingPercentClass": "danger"
  },
  "suites": {
    "uuid": "bc384d6f-e786-4e68-bb1e-ce221f2c3a0a",
    "title": "",
    "fullFile": "",
    "file": "",
    "beforeHooks": [],
    "afterHooks": [],
    "tests": [],
    "suites": [
      {
        "uuid": "426d8237-68b5-405b-b2ff-98901a7bc15d",
        "title": "BallotsStorageMock",
        "fullFile": "",
        "file": "",
        "beforeHooks": [
          {
            "title": "\"before all\" hook: prepare suite",
            "fullTitle": "BallotsStorageMock \"before all\" hook: prepare suite",
            "timedOut": false,
            "duration": 0,
            "pass": false,
            "fail": false,
            "pending": false,
            "code": "series([\n  runner.initialize.bind(runner),\n  self.compileNewAbstractInterface.bind(this, runner),\n  self.deployTestDependencies.bind(this, abstraction, dependency_paths, runner)\n], done);",
            "err": {},
            "isRoot": false,
            "uuid": "43f19e17-0232-41cd-a5a9-419323b3c27a",
            "isHook": true,
            "skipped": false
          },
          {
            "title": "\"before each\" hook: before test",
            "fullTitle": "BallotsStorageMock \"before each\" hook: before test",
            "timedOut": false,
            "duration": 0,
            "pass": false,
            "fail": false,
            "pending": false,
            "code": "runner.startTest(this, done);",
            "err": {},
            "isRoot": false,
            "uuid": "2e7ae453-01a8-4f51-b1ea-624c4cf831a2",
            "isHook": true,
            "skipped": false
          }
        ],
        "afterHooks": [
          {
            "title": "\"after each\" hook: after test",
            "fullTitle": "BallotsStorageMock \"after each\" hook: after test",
            "timedOut": false,
            "duration": 0,
            "pass": false,
            "fail": false,
            "pending": false,
            "code": "runner.endTest(this, done);",
            "err": {},
            "isRoot": false,
            "uuid": "4fd387be-0937-435c-af76-0088d64891c6",
            "isHook": true,
            "skipped": false
          }
        ],
        "tests": [],
        "suites": [],
        "passes": [],
        "failures": [],
        "pending": [],
        "skipped": [],
        "duration": 0,
        "root": false,
        "rootEmpty": false,
        "_timeout": 2000
      },
      {
        "uuid": "1e4fe499-2d9b-40a6-a123-744240d2f779",
        "title": "EternalStorageProxyMock",
        "fullFile": "",
        "file": "",
        "beforeHooks": [
          {
            "title": "\"before all\" hook: prepare suite",
            "fullTitle": "EternalStorageProxyMock \"before all\" hook: prepare suite",
            "timedOut": false,
            "duration": 0,
            "pass": false,
            "fail": false,
            "pending": false,
            "code": "series([\n  runner.initialize.bind(runner),\n  self.compileNewAbstractInterface.bind(this, runner),\n  self.deployTestDependencies.bind(this, abstraction, dependency_paths, runner)\n], done);",
            "err": {},
            "isRoot": false,
            "uuid": "c2c19a18-a979-4ac4-88f3-3a86e0be9f0c",
            "isHook": true,
            "skipped": false
          },
          {
            "title": "\"before each\" hook: before test",
            "fullTitle": "EternalStorageProxyMock \"before each\" hook: before test",
            "timedOut": false,
            "duration": 0,
            "pass": false,
            "fail": false,
            "pending": false,
            "code": "runner.startTest(this, done);",
            "err": {},
            "isRoot": false,
            "uuid": "d55654d5-4304-4367-83db-8c257148bc7a",
            "isHook": true,
            "skipped": false
          }
        ],
        "afterHooks": [
          {
            "title": "\"after each\" hook: after test",
            "fullTitle": "EternalStorageProxyMock \"after each\" hook: after test",
            "timedOut": false,
            "duration": 0,
            "pass": false,
            "fail": false,
            "pending": false,
            "code": "runner.endTest(this, done);",
            "err": {},
            "isRoot": false,
            "uuid": "225b06ab-af87-4d53-ac16-18320c6ad291",
            "isHook": true,
            "skipped": false
          }
        ],
        "tests": [],
        "suites": [],
        "passes": [],
        "failures": [],
        "pending": [],
        "skipped": [],
        "duration": 0,
        "root": false,
        "rootEmpty": false,
        "_timeout": 2000
      },
      {
        "uuid": "717b216d-8f9b-429e-8d15-dcaf75477329",
        "title": "KeysManagerMock",
        "fullFile": "",
        "file": "",
        "beforeHooks": [
          {
            "title": "\"before all\" hook: prepare suite",
            "fullTitle": "KeysManagerMock \"before all\" hook: prepare suite",
            "timedOut": false,
            "duration": 0,
            "pass": false,
            "fail": false,
            "pending": false,
            "code": "series([\n  runner.initialize.bind(runner),\n  self.compileNewAbstractInterface.bind(this, runner),\n  self.deployTestDependencies.bind(this, abstraction, dependency_paths, runner)\n], done);",
            "err": {},
            "isRoot": false,
            "uuid": "f3532365-7e53-46d3-89a9-5015920fd601",
            "isHook": true,
            "skipped": false
          },
          {
            "title": "\"before each\" hook: before test",
            "fullTitle": "KeysManagerMock \"before each\" hook: before test",
            "timedOut": false,
            "duration": 0,
            "pass": false,
            "fail": false,
            "pending": false,
            "code": "runner.startTest(this, done);",
            "err": {},
            "isRoot": false,
            "uuid": "7276a620-8323-4aa7-ba91-44335a9982aa",
            "isHook": true,
            "skipped": false
          }
        ],
        "afterHooks": [
          {
            "title": "\"after each\" hook: after test",
            "fullTitle": "KeysManagerMock \"after each\" hook: after test",
            "timedOut": false,
            "duration": 0,
            "pass": false,
            "fail": false,
            "pending": false,
            "code": "runner.endTest(this, done);",
            "err": {},
            "isRoot": false,
            "uuid": "37c4b1d7-aa53-4aef-aa46-9aa616ccb72c",
            "isHook": true,
            "skipped": false
          }
        ],
        "tests": [],
        "suites": [],
        "passes": [],
        "failures": [],
        "pending": [],
        "skipped": [],
        "duration": 0,
        "root": false,
        "rootEmpty": false,
        "_timeout": 2000
      },
      {
        "uuid": "12d649e6-3dd0-4fb0-aad4-f9eedf71b7b7",
        "title": "PoaNetworkConsensusMock",
        "fullFile": "",
        "file": "",
        "beforeHooks": [
          {
            "title": "\"before all\" hook: prepare suite",
            "fullTitle": "PoaNetworkConsensusMock \"before all\" hook: prepare suite",
            "timedOut": false,
            "duration": 0,
            "pass": false,
            "fail": false,
            "pending": false,
            "code": "series([\n  runner.initialize.bind(runner),\n  self.compileNewAbstractInterface.bind(this, runner),\n  self.deployTestDependencies.bind(this, abstraction, dependency_paths, runner)\n], done);",
            "err": {},
            "isRoot": false,
            "uuid": "68604c15-cbb7-457a-8083-cd8bb8515c5d",
            "isHook": true,
            "skipped": false
          },
          {
            "title": "\"before each\" hook: before test",
            "fullTitle": "PoaNetworkConsensusMock \"before each\" hook: before test",
            "timedOut": false,
            "duration": 0,
            "pass": false,
            "fail": false,
            "pending": false,
            "code": "runner.startTest(this, done);",
            "err": {},
            "isRoot": false,
            "uuid": "08546f14-b159-4dc3-b17a-1135b51fdcc5",
            "isHook": true,
            "skipped": false
          }
        ],
        "afterHooks": [
          {
            "title": "\"after each\" hook: after test",
            "fullTitle": "PoaNetworkConsensusMock \"after each\" hook: after test",
            "timedOut": false,
            "duration": 0,
            "pass": false,
            "fail": false,
            "pending": false,
            "code": "runner.endTest(this, done);",
            "err": {},
            "isRoot": false,
            "uuid": "32ae6699-99a3-4dd3-a122-893fc492d2bb",
            "isHook": true,
            "skipped": false
          }
        ],
        "tests": [],
        "suites": [],
        "passes": [],
        "failures": [],
        "pending": [],
        "skipped": [],
        "duration": 0,
        "root": false,
        "rootEmpty": false,
        "_timeout": 2000
      },
      {
        "uuid": "ab2e0473-1f89-40eb-80f7-853b07a62094",
        "title": "ProxyStorageMock",
        "fullFile": "",
        "file": "",
        "beforeHooks": [
          {
            "title": "\"before all\" hook: prepare suite",
            "fullTitle": "ProxyStorageMock \"before all\" hook: prepare suite",
            "timedOut": false,
            "duration": 0,
            "pass": false,
            "fail": false,
            "pending": false,
            "code": "series([\n  runner.initialize.bind(runner),\n  self.compileNewAbstractInterface.bind(this, runner),\n  self.deployTestDependencies.bind(this, abstraction, dependency_paths, runner)\n], done);",
            "err": {},
            "isRoot": false,
            "uuid": "8ed4fb26-3979-4b1f-83e3-4b7386687e20",
            "isHook": true,
            "skipped": false
          },
          {
            "title": "\"before each\" hook: before test",
            "fullTitle": "ProxyStorageMock \"before each\" hook: before test",
            "timedOut": false,
            "duration": 0,
            "pass": false,
            "fail": false,
            "pending": false,
            "code": "runner.startTest(this, done);",
            "err": {},
            "isRoot": false,
            "uuid": "a3c39638-76f9-420b-adcf-c3ac7cfc1872",
            "isHook": true,
            "skipped": false
          }
        ],
        "afterHooks": [
          {
            "title": "\"after each\" hook: after test",
            "fullTitle": "ProxyStorageMock \"after each\" hook: after test",
            "timedOut": false,
            "duration": 0,
            "pass": false,
            "fail": false,
            "pending": false,
            "code": "runner.endTest(this, done);",
            "err": {},
            "isRoot": false,
            "uuid": "6b700900-d039-440b-a50d-fe8b5f50c8c9",
            "isHook": true,
            "skipped": false
          }
        ],
        "tests": [],
        "suites": [],
        "passes": [],
        "failures": [],
        "pending": [],
        "skipped": [],
        "duration": 0,
        "root": false,
        "rootEmpty": false,
        "_timeout": 2000
      },
      {
        "uuid": "c16333ce-f49c-404f-9ef0-2d46f03a1582",
        "title": "ValidatorMetadataMock",
        "fullFile": "",
        "file": "",
        "beforeHooks": [
          {
            "title": "\"before all\" hook: prepare suite",
            "fullTitle": "ValidatorMetadataMock \"before all\" hook: prepare suite",
            "timedOut": false,
            "duration": 0,
            "pass": false,
            "fail": false,
            "pending": false,
            "code": "series([\n  runner.initialize.bind(runner),\n  self.compileNewAbstractInterface.bind(this, runner),\n  self.deployTestDependencies.bind(this, abstraction, dependency_paths, runner)\n], done);",
            "err": {},
            "isRoot": false,
            "uuid": "63646279-2a08-4c6d-a619-88414fb2412f",
            "isHook": true,
            "skipped": false
          },
          {
            "title": "\"before each\" hook: before test",
            "fullTitle": "ValidatorMetadataMock \"before each\" hook: before test",
            "timedOut": false,
            "duration": 0,
            "pass": false,
            "fail": false,
            "pending": false,
            "code": "runner.startTest(this, done);",
            "err": {},
            "isRoot": false,
            "uuid": "c07480c9-bf97-43a1-828e-9d8576853408",
            "isHook": true,
            "skipped": false
          }
        ],
        "afterHooks": [
          {
            "title": "\"after each\" hook: after test",
            "fullTitle": "ValidatorMetadataMock \"after each\" hook: after test",
            "timedOut": false,
            "duration": 0,
            "pass": false,
            "fail": false,
            "pending": false,
            "code": "runner.endTest(this, done);",
            "err": {},
            "isRoot": false,
            "uuid": "38cf9512-bcbe-4859-b071-d46c7ad5ac44",
            "isHook": true,
            "skipped": false
          }
        ],
        "tests": [],
        "suites": [],
        "passes": [],
        "failures": [],
        "pending": [],
        "skipped": [],
        "duration": 0,
        "root": false,
        "rootEmpty": false,
        "_timeout": 2000
      },
      {
        "uuid": "c0110ecd-1328-4a4b-85d6-d729d75f1b5a",
        "title": "VotingToChangeKeysMock",
        "fullFile": "",
        "file": "",
        "beforeHooks": [
          {
            "title": "\"before all\" hook: prepare suite",
            "fullTitle": "VotingToChangeKeysMock \"before all\" hook: prepare suite",
            "timedOut": false,
            "duration": 0,
            "pass": false,
            "fail": false,
            "pending": false,
            "code": "series([\n  runner.initialize.bind(runner),\n  self.compileNewAbstractInterface.bind(this, runner),\n  self.deployTestDependencies.bind(this, abstraction, dependency_paths, runner)\n], done);",
            "err": {},
            "isRoot": false,
            "uuid": "217207fc-0493-44be-bcbc-cb8eb6dfa3a8",
            "isHook": true,
            "skipped": false
          },
          {
            "title": "\"before each\" hook: before test",
            "fullTitle": "VotingToChangeKeysMock \"before each\" hook: before test",
            "timedOut": false,
            "duration": 0,
            "pass": false,
            "fail": false,
            "pending": false,
            "code": "runner.startTest(this, done);",
            "err": {},
            "isRoot": false,
            "uuid": "0b9ee9d9-ba22-4fae-a488-15f488375221",
            "isHook": true,
            "skipped": false
          }
        ],
        "afterHooks": [
          {
            "title": "\"after each\" hook: after test",
            "fullTitle": "VotingToChangeKeysMock \"after each\" hook: after test",
            "timedOut": false,
            "duration": 0,
            "pass": false,
            "fail": false,
            "pending": false,
            "code": "runner.endTest(this, done);",
            "err": {},
            "isRoot": false,
            "uuid": "eaee3d3e-e562-4162-b639-c594ae6f533b",
            "isHook": true,
            "skipped": false
          }
        ],
        "tests": [],
        "suites": [],
        "passes": [],
        "failures": [],
        "pending": [],
        "skipped": [],
        "duration": 0,
        "root": false,
        "rootEmpty": false,
        "_timeout": 2000
      },
      {
        "uuid": "3b8a7040-22c8-4917-8728-a0f5299db828",
        "title": "VotingToChangeMinThresholdMock",
        "fullFile": "",
        "file": "",
        "beforeHooks": [
          {
            "title": "\"before all\" hook: prepare suite",
            "fullTitle": "VotingToChangeMinThresholdMock \"before all\" hook: prepare suite",
            "timedOut": false,
            "duration": 0,
            "pass": false,
            "fail": false,
            "pending": false,
            "code": "series([\n  runner.initialize.bind(runner),\n  self.compileNewAbstractInterface.bind(this, runner),\n  self.deployTestDependencies.bind(this, abstraction, dependency_paths, runner)\n], done);",
            "err": {},
            "isRoot": false,
            "uuid": "a6cb49fb-f1e8-43ec-8445-f139ddc1ded5",
            "isHook": true,
            "skipped": false
          },
          {
            "title": "\"before each\" hook: before test",
            "fullTitle": "VotingToChangeMinThresholdMock \"before each\" hook: before test",
            "timedOut": false,
            "duration": 0,
            "pass": false,
            "fail": false,
            "pending": false,
            "code": "runner.startTest(this, done);",
            "err": {},
            "isRoot": false,
            "uuid": "1325eca1-80cb-47d2-8296-91e0aaebe0f8",
            "isHook": true,
            "skipped": false
          }
        ],
        "afterHooks": [
          {
            "title": "\"after each\" hook: after test",
            "fullTitle": "VotingToChangeMinThresholdMock \"after each\" hook: after test",
            "timedOut": false,
            "duration": 0,
            "pass": false,
            "fail": false,
            "pending": false,
            "code": "runner.endTest(this, done);",
            "err": {},
            "isRoot": false,
            "uuid": "bc73a6b9-8d2f-40a6-9096-b5c3d0bf1bf2",
            "isHook": true,
            "skipped": false
          }
        ],
        "tests": [],
        "suites": [],
        "passes": [],
        "failures": [],
        "pending": [],
        "skipped": [],
        "duration": 0,
        "root": false,
        "rootEmpty": false,
        "_timeout": 2000
      },
      {
        "uuid": "d2cdd52d-5232-435d-ba86-225e39d9e35e",
        "title": "VotingToChangeProxyAddressMock",
        "fullFile": "",
        "file": "",
        "beforeHooks": [
          {
            "title": "\"before all\" hook: prepare suite",
            "fullTitle": "VotingToChangeProxyAddressMock \"before all\" hook: prepare suite",
            "timedOut": false,
            "duration": 0,
            "pass": false,
            "fail": false,
            "pending": false,
            "code": "series([\n  runner.initialize.bind(runner),\n  self.compileNewAbstractInterface.bind(this, runner),\n  self.deployTestDependencies.bind(this, abstraction, dependency_paths, runner)\n], done);",
            "err": {},
            "isRoot": false,
            "uuid": "7864b1af-ffc8-4374-9270-c7cd51172f94",
            "isHook": true,
            "skipped": false
          },
          {
            "title": "\"before each\" hook: before test",
            "fullTitle": "VotingToChangeProxyAddressMock \"before each\" hook: before test",
            "timedOut": false,
            "duration": 0,
            "pass": false,
            "fail": false,
            "pending": false,
            "code": "runner.startTest(this, done);",
            "err": {},
            "isRoot": false,
            "uuid": "cd243c25-8608-47d1-9668-59cd152376e1",
            "isHook": true,
            "skipped": false
          }
        ],
        "afterHooks": [
          {
            "title": "\"after each\" hook: after test",
            "fullTitle": "VotingToChangeProxyAddressMock \"after each\" hook: after test",
            "timedOut": false,
            "duration": 0,
            "pass": false,
            "fail": false,
            "pending": false,
            "code": "runner.endTest(this, done);",
            "err": {},
            "isRoot": false,
            "uuid": "40085d0a-72b7-4047-81e4-b2104d72e7c4",
            "isHook": true,
            "skipped": false
          }
        ],
        "tests": [],
        "suites": [],
        "passes": [],
        "failures": [],
        "pending": [],
        "skipped": [],
        "duration": 0,
        "root": false,
        "rootEmpty": false,
        "_timeout": 2000
      },
      {
        "uuid": "f1e44082-d66e-44f0-8424-86fec5797304",
        "title": "ValidatorMetadataNew",
        "fullFile": "",
        "file": "",
        "beforeHooks": [
          {
            "title": "\"before all\" hook: prepare suite",
            "fullTitle": "ValidatorMetadataNew \"before all\" hook: prepare suite",
            "timedOut": false,
            "duration": 0,
            "pass": false,
            "fail": false,
            "pending": false,
            "code": "series([\n  runner.initialize.bind(runner),\n  self.compileNewAbstractInterface.bind(this, runner),\n  self.deployTestDependencies.bind(this, abstraction, dependency_paths, runner)\n], done);",
            "err": {},
            "isRoot": false,
            "uuid": "aee1f0cf-d651-4905-a4d9-adad553d5e10",
            "isHook": true,
            "skipped": false
          },
          {
            "title": "\"before each\" hook: before test",
            "fullTitle": "ValidatorMetadataNew \"before each\" hook: before test",
            "timedOut": false,
            "duration": 0,
            "pass": false,
            "fail": false,
            "pending": false,
            "code": "runner.startTest(this, done);",
            "err": {},
            "isRoot": false,
            "uuid": "a8162337-8049-4c51-8688-352225a41488",
            "isHook": true,
            "skipped": false
          }
        ],
        "afterHooks": [
          {
            "title": "\"after each\" hook: after test",
            "fullTitle": "ValidatorMetadataNew \"after each\" hook: after test",
            "timedOut": false,
            "duration": 0,
            "pass": false,
            "fail": false,
            "pending": false,
            "code": "runner.endTest(this, done);",
            "err": {},
            "isRoot": false,
            "uuid": "1b4c58bd-1b6c-4089-9767-6a75b9a86d08",
            "isHook": true,
            "skipped": false
          }
        ],
        "tests": [],
        "suites": [],
        "passes": [],
        "failures": [],
        "pending": [],
        "skipped": [],
        "duration": 0,
        "root": false,
        "rootEmpty": false,
        "_timeout": 2000
      },
      {
        "uuid": "961d5b6e-51af-4ae6-b9b5-8601aee6c478",
        "title": "Contract: BallotsStorage [all features]",
        "fullFile": "/home/travis/build/poanetwork/poa-network-consensus-contracts/test/ballots_storage_test.js",
        "file": "/test/ballots_storage_test.js",
        "beforeHooks": [
          {
            "title": "\"before all\" hook: prepare suite",
            "fullTitle": "Contract: BallotsStorage [all features] \"before all\" hook: prepare suite",
            "timedOut": false,
            "duration": 206,
            "pass": false,
            "fail": false,
            "pending": false,
            "code": "this.timeout(runner.BEFORE_TIMEOUT);\nrunner.initialize(done);",
            "err": {},
            "isRoot": false,
            "uuid": "e705dde9-0d2b-4c82-a26c-78b18b5a8416",
            "isHook": true,
            "skipped": false
          },
          {
            "title": "\"before each\" hook: before test",
            "fullTitle": "Contract: BallotsStorage [all features] \"before each\" hook: before test",
            "timedOut": false,
            "duration": 3,
            "pass": false,
            "fail": false,
            "pending": false,
            "code": "runner.startTest(this, done);",
            "err": {},
            "isRoot": false,
            "uuid": "a5b49c75-c393-4f85-9da8-c1ee1e6ca296",
            "isHook": true,
            "skipped": false
          },
          {
            "title": "\"before each\" hook",
            "fullTitle": "Contract: BallotsStorage [all features] \"before each\" hook",
            "timedOut": false,
            "duration": 302,
            "pass": false,
            "fail": false,
            "pending": false,
            "code": "poaNetworkConsensus = await PoaNetworkConsensus.new(masterOfCeremony, []);\nproxyStorage = await ProxyStorageMock.new(poaNetworkConsensus.address);\nballotsStorageMock = await BallotsStorageMock.new(proxyStorage.address);\nkeysManager = await KeysManagerMock.new(proxyStorage.address, poaNetworkConsensus.address, masterOfCeremony, \"0x0000000000000000000000000000000000000000\");\nawait poaNetworkConsensus.setProxyStorage(proxyStorage.address);\nawait proxyStorage.initializeAddresses(\n  keysManager.address,\n  votingToChangeKeys,\n  votingToChangeMinThreshold,\n  votingToChangeProxy,\n  ballotsStorageMock.address,\n  validatorMetadataEternalStorage\n);",
            "err": {},
            "isRoot": false,
            "uuid": "feaca2e4-0428-4f6d-95f1-96f454b4db8a",
            "isHook": true,
            "skipped": false
          }
        ],
        "afterHooks": [
          {
            "title": "\"after each\" hook: after test",
            "fullTitle": "Contract: BallotsStorage [all features] \"after each\" hook: after test",
            "timedOut": false,
            "duration": 0,
            "pass": false,
            "fail": false,
            "pending": false,
            "code": "runner.endTest(this, done);",
            "err": {},
            "isRoot": false,
            "uuid": "0f9497c3-ff36-4eab-9513-2f8259e802bf",
            "isHook": true,
            "skipped": false
          }
        ],
        "tests": [],
        "suites": [
          {
            "uuid": "560bd6a0-8a16-40c3-b5f5-7031ff67a154",
            "title": "#constructor",
            "fullFile": "/home/travis/build/poanetwork/poa-network-consensus-contracts/test/ballots_storage_test.js",
            "file": "/test/ballots_storage_test.js",
            "beforeHooks": [],
            "afterHooks": [],
            "tests": [
              {
                "title": "sets MoC and Poa",
                "fullTitle": "Contract: BallotsStorage [all features] #constructor sets MoC and Poa",
                "timedOut": false,
                "duration": 42,
                "state": "passed",
                "speed": "medium",
                "pass": true,
                "fail": false,
                "pending": false,
                "code": "new web3.BigNumber(3).should.be.bignumber.equal(\n  await ballotsStorageMock.getBallotThreshold(1)\n);\nnew web3.BigNumber(2).should.be.bignumber.equal(\n  await ballotsStorageMock.getBallotThreshold(2)\n);",
                "err": {},
                "isRoot": false,
                "uuid": "0cd20e29-e59d-433c-b697-cdc8b7bb0336",
                "isHook": false,
                "skipped": false
              }
            ],
            "suites": [],
            "passes": [
              "0cd20e29-e59d-433c-b697-cdc8b7bb0336"
            ],
            "failures": [],
            "pending": [],
            "skipped": [],
            "duration": 42,
            "root": false,
            "rootEmpty": false,
            "_timeout": 300000
          },
          {
            "uuid": "452fc804-a90a-4e0c-815f-b3de543d6f8b",
            "title": "#setThreshold",
            "fullFile": "/home/travis/build/poanetwork/poa-network-consensus-contracts/test/ballots_storage_test.js",
            "file": "/test/ballots_storage_test.js",
            "beforeHooks": [],
            "afterHooks": [],
            "tests": [
              {
                "title": "can only be called from votingToChangeThreshold address",
                "fullTitle": "Contract: BallotsStorage [all features] #setThreshold can only be called from votingToChangeThreshold address",
                "timedOut": false,
                "duration": 97,
                "state": "passed",
                "speed": "slow",
                "pass": true,
                "fail": false,
                "pending": false,
                "code": "await ballotsStorageMock.setThreshold(4, 1, {from: accounts[1]}).should.be.rejectedWith(ERROR_MSG);\nawait ballotsStorageMock.setThreshold(4, 1, {from: accounts[3]}).should.be.fulfilled;",
                "err": {},
                "isRoot": false,
                "uuid": "e6f8f264-7dc8-49c3-948b-16e0e5956662",
                "isHook": false,
                "skipped": false
              },
              {
                "title": "cannot be set for Invalid threshold",
                "fullTitle": "Contract: BallotsStorage [all features] #setThreshold cannot be set for Invalid threshold",
                "timedOut": false,
                "duration": 168,
                "state": "passed",
                "speed": "slow",
                "pass": true,
                "fail": false,
                "pending": false,
                "code": "await ballotsStorageMock.setThreshold(5, 0, {from: accounts[3]}).should.be.rejectedWith(ERROR_MSG);\nawait ballotsStorageMock.setThreshold(5, -10, {from: accounts[3]}).should.be.rejectedWith(ERROR_MSG);\nawait ballotsStorageMock.setThreshold(5, -1, {from: accounts[3]}).should.be.rejectedWith(ERROR_MSG);\nawait ballotsStorageMock.setThreshold(5, 3, {from: accounts[3]}).should.be.rejectedWith(ERROR_MSG);",
                "err": {},
                "isRoot": false,
                "uuid": "e8324e2a-54d9-4fcb-9734-7f066f6d0d25",
                "isHook": false,
                "skipped": false
              },
              {
                "title": "new value cannot be equal to 0",
                "fullTitle": "Contract: BallotsStorage [all features] #setThreshold new value cannot be equal to 0",
                "timedOut": false,
                "duration": 146,
                "state": "passed",
                "speed": "slow",
                "pass": true,
                "fail": false,
                "pending": false,
                "code": "await ballotsStorageMock.setThreshold(0, 1, {from: accounts[3]}).should.be.rejectedWith(ERROR_MSG);\nawait ballotsStorageMock.setThreshold(0, 2, {from: accounts[3]}).should.be.rejectedWith(ERROR_MSG);\nawait ballotsStorageMock.setThreshold(4, 1, {from: accounts[3]}).should.be.fulfilled;\nawait ballotsStorageMock.setThreshold(4, 2, {from: accounts[3]}).should.be.fulfilled;",
                "err": {},
                "isRoot": false,
                "uuid": "6fd8a7f3-0043-4269-a048-1026c35e3560",
                "isHook": false,
                "skipped": false
              },
              {
                "title": "sets new value for Keys threshold",
                "fullTitle": "Contract: BallotsStorage [all features] #setThreshold sets new value for Keys threshold",
                "timedOut": false,
                "duration": 57,
                "state": "passed",
                "speed": "medium",
                "pass": true,
                "fail": false,
                "pending": false,
                "code": "await ballotsStorageMock.setThreshold(5, 1, {from: accounts[3]}).should.be.fulfilled; \nnew web3.BigNumber(5).should.be.bignumber.equal(await ballotsStorageMock.getBallotThreshold(1));",
                "err": {},
                "isRoot": false,
                "uuid": "75bed644-c300-4f7a-b7e3-31c6d5d5f0f3",
                "isHook": false,
                "skipped": false
              },
              {
                "title": "sets new value for MetadataChange threshold",
                "fullTitle": "Contract: BallotsStorage [all features] #setThreshold sets new value for MetadataChange threshold",
                "timedOut": false,
                "duration": 63,
                "state": "passed",
                "speed": "medium",
                "pass": true,
                "fail": false,
                "pending": false,
                "code": "await ballotsStorageMock.setThreshold(6, 2, {from: accounts[3]}).should.be.fulfilled;\nnew web3.BigNumber(6).should.be.bignumber.equal(await ballotsStorageMock.getBallotThreshold(2));",
                "err": {},
                "isRoot": false,
                "uuid": "37277a8a-702d-4f04-92ee-0f8fb6d89d7c",
                "isHook": false,
                "skipped": false
              }
            ],
            "suites": [],
            "passes": [
              "e6f8f264-7dc8-49c3-948b-16e0e5956662",
              "e8324e2a-54d9-4fcb-9734-7f066f6d0d25",
              "6fd8a7f3-0043-4269-a048-1026c35e3560",
              "75bed644-c300-4f7a-b7e3-31c6d5d5f0f3",
              "37277a8a-702d-4f04-92ee-0f8fb6d89d7c"
            ],
            "failures": [],
            "pending": [],
            "skipped": [],
            "duration": 531,
            "root": false,
            "rootEmpty": false,
            "_timeout": 300000
          },
          {
            "uuid": "97b8e11e-af43-4924-b8a3-bba1c3155f09",
            "title": "#getTotalNumberOfValidators",
            "fullFile": "/home/travis/build/poanetwork/poa-network-consensus-contracts/test/ballots_storage_test.js",
            "file": "/test/ballots_storage_test.js",
            "beforeHooks": [],
            "afterHooks": [],
            "tests": [
              {
                "title": "returns total number of validators",
                "fullTitle": "Contract: BallotsStorage [all features] #getTotalNumberOfValidators returns total number of validators",
                "timedOut": false,
                "duration": 195,
                "state": "passed",
                "speed": "slow",
                "pass": true,
                "fail": false,
                "pending": false,
                "code": "await proxyStorage.setKeysManagerMock(masterOfCeremony);\nawait poaNetworkConsensus.addValidator(accounts[1], true);\nawait poaNetworkConsensus.setSystemAddress(masterOfCeremony);\nawait poaNetworkConsensus.finalizeChange().should.be.fulfilled;\nconst getValidators = await poaNetworkConsensus.getValidators();\nnew web3.BigNumber(2).should.be.bignumber.equal(getValidators.length);\nnew web3.BigNumber(2).should.be.bignumber.equal(await ballotsStorageMock.getTotalNumberOfValidators())",
                "err": {},
                "isRoot": false,
                "uuid": "244f091f-729f-4795-be2b-fd8249f11bf3",
                "isHook": false,
                "skipped": false
              }
            ],
            "suites": [],
            "passes": [
              "244f091f-729f-4795-be2b-fd8249f11bf3"
            ],
            "failures": [],
            "pending": [],
            "skipped": [],
            "duration": 195,
            "root": false,
            "rootEmpty": false,
            "_timeout": 300000
          },
          {
            "uuid": "e565be2e-908c-4734-9ec4-5af9242f1a25",
            "title": "#getProxyThreshold",
            "fullFile": "/home/travis/build/poanetwork/poa-network-consensus-contracts/test/ballots_storage_test.js",
            "file": "/test/ballots_storage_test.js",
            "beforeHooks": [],
            "afterHooks": [],
            "tests": [
              {
                "title": "returns total number of validators",
                "fullTitle": "Contract: BallotsStorage [all features] #getProxyThreshold returns total number of validators",
                "timedOut": false,
                "duration": 486,
                "state": "passed",
                "speed": "slow",
                "pass": true,
                "fail": false,
                "pending": false,
                "code": "new web3.BigNumber(1).should.be.bignumber.equal(await ballotsStorageMock.getProxyThreshold())\nawait proxyStorage.setKeysManagerMock(masterOfCeremony);\nawait poaNetworkConsensus.addValidator(accounts[1], true);\nawait poaNetworkConsensus.addValidator(accounts[2], true);\nawait poaNetworkConsensus.addValidator(accounts[3], true);\nawait poaNetworkConsensus.addValidator(accounts[4], true);\nawait poaNetworkConsensus.addValidator(accounts[5], true);\nawait poaNetworkConsensus.setSystemAddress(accounts[0]);\nawait poaNetworkConsensus.finalizeChange().should.be.fulfilled;\nconst getValidators = await poaNetworkConsensus.getValidators();\nnew web3.BigNumber(6).should.be.bignumber.equal(getValidators.length);\nnew web3.BigNumber(3).should.be.bignumber.equal(await ballotsStorageMock.getProxyThreshold())",
                "err": {},
                "isRoot": false,
                "uuid": "7bb6b5af-d20d-4eac-ae7b-861743041d36",
                "isHook": false,
                "skipped": false
              }
            ],
            "suites": [],
            "passes": [
              "7bb6b5af-d20d-4eac-ae7b-861743041d36"
            ],
            "failures": [],
            "pending": [],
            "skipped": [],
            "duration": 486,
            "root": false,
            "rootEmpty": false,
            "_timeout": 300000
          },
          {
            "uuid": "d888044f-6939-460e-ae39-66cb1a122670",
            "title": "#getVotingToChangeThreshold",
            "fullFile": "/home/travis/build/poanetwork/poa-network-consensus-contracts/test/ballots_storage_test.js",
            "file": "/test/ballots_storage_test.js",
            "beforeHooks": [],
            "afterHooks": [],
            "tests": [
              {
                "title": "returns voting to change min threshold address",
                "fullTitle": "Contract: BallotsStorage [all features] #getVotingToChangeThreshold returns voting to change min threshold address",
                "timedOut": false,
                "duration": 65,
                "state": "passed",
                "speed": "medium",
                "pass": true,
                "fail": false,
                "pending": false,
                "code": "votingToChangeMinThreshold.should.be.equal(await ballotsStorageMock.getVotingToChangeThreshold())\nawait proxyStorage.setVotingToChangeMinThresholdMock(accounts[4]);\naccounts[4].should.be.equal(await ballotsStorageMock.getVotingToChangeThreshold())",
                "err": {},
                "isRoot": false,
                "uuid": "fbe9ee90-7226-4245-bf96-8fb31c7881a3",
                "isHook": false,
                "skipped": false
              }
            ],
            "suites": [],
            "passes": [
              "fbe9ee90-7226-4245-bf96-8fb31c7881a3"
            ],
            "failures": [],
            "pending": [],
            "skipped": [],
            "duration": 65,
            "root": false,
            "rootEmpty": false,
            "_timeout": 300000
          },
          {
            "uuid": "2cdeeb0b-331a-42a9-bd82-322769d011e9",
            "title": "#getBallotLimit",
            "fullFile": "/home/travis/build/poanetwork/poa-network-consensus-contracts/test/ballots_storage_test.js",
            "file": "/test/ballots_storage_test.js",
            "beforeHooks": [],
            "afterHooks": [],
            "tests": [
              {
                "title": "returns limit per validator to create ballots",
                "fullTitle": "Contract: BallotsStorage [all features] #getBallotLimit returns limit per validator to create ballots",
                "timedOut": false,
                "duration": 294,
                "state": "passed",
                "speed": "slow",
                "pass": true,
                "fail": false,
                "pending": false,
                "code": "let limit = await ballotsStorageMock.getBallotLimitPerValidator();\nlimit.should.be.bignumber.equal(200);\nawait keysManager.addMiningKey(accounts[1]).should.be.fulfilled;\nawait keysManager.addMiningKey(accounts[2]).should.be.fulfilled;\nawait poaNetworkConsensus.setSystemAddress(accounts[0]);\nawait poaNetworkConsensus.finalizeChange().should.be.fulfilled;\nlimit = await ballotsStorageMock.getBallotLimitPerValidator();\nlimit.should.be.bignumber.equal(100);",
                "err": {},
                "isRoot": false,
                "uuid": "c471a48a-d680-47a5-ac8d-4dde1ccb27b5",
                "isHook": false,
                "skipped": false
              }
            ],
            "suites": [],
            "passes": [
              "c471a48a-d680-47a5-ac8d-4dde1ccb27b5"
            ],
            "failures": [],
            "pending": [],
            "skipped": [],
            "duration": 294,
            "root": false,
            "rootEmpty": false,
            "_timeout": 300000
          }
        ],
        "passes": [],
        "failures": [],
        "pending": [],
        "skipped": [],
        "duration": 0,
        "root": false,
        "rootEmpty": false,
        "_timeout": 300000
      },
      {
        "uuid": "cb456e3d-889d-4ee1-a775-9057cf0a8a87",
        "title": "Contract: KeysManager [all features]",
        "fullFile": "/home/travis/build/poanetwork/poa-network-consensus-contracts/test/keys_manager_test.js",
        "file": "/test/keys_manager_test.js",
        "beforeHooks": [
          {
            "title": "\"before all\" hook: prepare suite",
            "fullTitle": "Contract: KeysManager [all features] \"before all\" hook: prepare suite",
            "timedOut": false,
            "duration": 423,
            "pass": false,
            "fail": false,
            "pending": false,
            "code": "this.timeout(runner.BEFORE_TIMEOUT);\nrunner.initialize(done);",
            "err": {},
            "isRoot": false,
            "uuid": "edd43808-dbbe-45a6-a157-aa58757a31d5",
            "isHook": true,
            "skipped": false
          },
          {
            "title": "\"before each\" hook: before test",
            "fullTitle": "Contract: KeysManager [all features] \"before each\" hook: before test",
            "timedOut": false,
            "duration": 3,
            "pass": false,
            "fail": false,
            "pending": false,
            "code": "runner.startTest(this, done);",
            "err": {},
            "isRoot": false,
            "uuid": "a740b6f4-616f-42ac-8ca3-d25ead09bde1",
            "isHook": true,
            "skipped": false
          },
          {
            "title": "\"before each\" hook",
            "fullTitle": "Contract: KeysManager [all features] \"before each\" hook",
            "timedOut": false,
            "duration": 251,
            "pass": false,
            "fail": false,
            "pending": false,
            "code": "poaNetworkConsensusMock = await PoaNetworkConsensusMock.new(masterOfCeremony, []);\nproxyStorageMock = await ProxyStorageMock.new(poaNetworkConsensusMock.address);\nkeysManager = await KeysManagerMock.new(proxyStorageMock.address, poaNetworkConsensusMock.address, masterOfCeremony, \"0x0000000000000000000000000000000000000000\");\nawait poaNetworkConsensusMock.setProxyStorage(proxyStorageMock.address);\nawait proxyStorageMock.initializeAddresses(\n  keysManager.address,\n  masterOfCeremony,\n  masterOfCeremony,\n  masterOfCeremony,\n  masterOfCeremony,\n  masterOfCeremony\n);",
            "err": {},
            "isRoot": false,
            "uuid": "aa2a1171-4065-4b76-a5bc-1e2811a48fe7",
            "isHook": true,
            "skipped": false
          }
        ],
        "afterHooks": [
          {
            "title": "\"after each\" hook: after test",
            "fullTitle": "Contract: KeysManager [all features] \"after each\" hook: after test",
            "timedOut": false,
            "duration": 0,
            "pass": false,
            "fail": false,
            "pending": false,
            "code": "runner.endTest(this, done);",
            "err": {},
            "isRoot": false,
            "uuid": "2c73bd2a-137d-4758-9549-3d6f5abb0ec5",
            "isHook": true,
            "skipped": false
          }
        ],
        "tests": [],
        "suites": [
          {
            "uuid": "7f7868a8-78f0-4032-9956-1ca758eea452",
            "title": "#constructor",
            "fullFile": "/home/travis/build/poanetwork/poa-network-consensus-contracts/test/keys_manager_test.js",
            "file": "/test/keys_manager_test.js",
            "beforeHooks": [],
            "afterHooks": [],
            "tests": [
              {
                "title": "sets masterOfCeremony, proxyStorage, poaConsensus",
                "fullTitle": "Contract: KeysManager [all features] #constructor sets masterOfCeremony, proxyStorage, poaConsensus",
                "timedOut": false,
                "duration": 60,
                "state": "passed",
                "speed": "medium",
                "pass": true,
                "fail": false,
                "pending": false,
                "code": "masterOfCeremony.should.be.equal(await keysManager.masterOfCeremony());\nproxyStorageMock.address.should.be.equal(await keysManager.proxyStorage());\npoaNetworkConsensusMock.address.should.be.equal(await keysManager.poaNetworkConsensus());",
                "err": {},
                "isRoot": false,
                "uuid": "b7d03af3-2233-4818-adb7-8e29143a3b56",
                "isHook": false,
                "skipped": false
              },
              {
                "title": "adds masterOfCeremony to validators hash",
                "fullTitle": "Contract: KeysManager [all features] #constructor adds masterOfCeremony to validators hash",
                "timedOut": false,
                "duration": 17,
                "state": "passed",
                "speed": "fast",
                "pass": true,
                "fail": false,
                "pending": false,
                "code": "const validator = await keysManager.validatorKeys(masterOfCeremony);\nvalidator.should.be.deep.equal(\n  [ '0x0000000000000000000000000000000000000000',\n  '0x0000000000000000000000000000000000000000',\n  true,\n  false,\n  false]\n)",
                "err": {},
                "isRoot": false,
                "uuid": "e22d07d3-5515-46ab-b61f-63fbc10d4f61",
                "isHook": false,
                "skipped": false
              }
            ],
            "suites": [],
            "passes": [
              "b7d03af3-2233-4818-adb7-8e29143a3b56",
              "e22d07d3-5515-46ab-b61f-63fbc10d4f61"
            ],
            "failures": [],
            "pending": [],
            "skipped": [],
            "duration": 77,
            "root": false,
            "rootEmpty": false,
            "_timeout": 300000
          },
          {
            "uuid": "b9655619-6619-4b3b-9641-01fb3fb73e99",
            "title": "#initiateKeys",
            "fullFile": "/home/travis/build/poanetwork/poa-network-consensus-contracts/test/keys_manager_test.js",
            "file": "/test/keys_manager_test.js",
            "beforeHooks": [],
            "afterHooks": [],
            "tests": [
              {
                "title": "can only be called by master of ceremony",
                "fullTitle": "Contract: KeysManager [all features] #initiateKeys can only be called by master of ceremony",
                "timedOut": false,
                "duration": 59,
                "state": "passed",
                "speed": "medium",
                "pass": true,
                "fail": false,
                "pending": false,
                "code": "await keysManager.initiateKeys(accounts[2], {from: accounts[1]}).should.be.rejectedWith(ERROR_MSG);\nawait keysManager.initiateKeys(accounts[2], {from: masterOfCeremony}).should.be.fulfilled;",
                "err": {},
                "isRoot": false,
                "uuid": "c11fc9cd-13a8-4cf0-a4d8-578185fc73a1",
                "isHook": false,
                "skipped": false
              },
              {
                "title": "cannot allow 0x0 addresses",
                "fullTitle": "Contract: KeysManager [all features] #initiateKeys cannot allow 0x0 addresses",
                "timedOut": false,
                "duration": 44,
                "state": "passed",
                "speed": "medium",
                "pass": true,
                "fail": false,
                "pending": false,
                "code": "await keysManager.initiateKeys('0x0000000000000000000000000000000000000000').should.be.rejectedWith(ERROR_MSG);\nawait keysManager.initiateKeys('0x0').should.be.rejectedWith(ERROR_MSG);",
                "err": {},
                "isRoot": false,
                "uuid": "26b968c6-4e34-42e6-a3b2-b72fecde7d49",
                "isHook": false,
                "skipped": false
              },
              {
                "title": "should not allow to initialize already initialized key",
                "fullTitle": "Contract: KeysManager [all features] #initiateKeys should not allow to initialize already initialized key",
                "timedOut": false,
                "duration": 54,
                "state": "passed",
                "speed": "medium",
                "pass": true,
                "fail": false,
                "pending": false,
                "code": "await keysManager.initiateKeys(accounts[2], {from: masterOfCeremony}).should.be.fulfilled;   \nawait keysManager.initiateKeys(accounts[2], {from: masterOfCeremony}).should.be.rejectedWith(ERROR_MSG);",
                "err": {},
                "isRoot": false,
                "uuid": "269755b7-ceff-4810-9f93-3aa6f907ec57",
                "isHook": false,
                "skipped": false
              },
              {
                "title": "should not allow to initialize already initialized key after validator created mining key",
                "fullTitle": "Contract: KeysManager [all features] #initiateKeys should not allow to initialize already initialized key after validator created mining key",
                "timedOut": false,
                "duration": 128,
                "state": "passed",
                "speed": "slow",
                "pass": true,
                "fail": false,
                "pending": false,
                "code": "await keysManager.initiateKeys(accounts[2], {from: masterOfCeremony}).should.be.fulfilled;   \nawait keysManager.createKeys(accounts[3],accounts[4],accounts[5], {from: accounts[2]}).should.be.fulfilled;\nawait keysManager.initiateKeys(accounts[2], {from: masterOfCeremony}).should.be.rejectedWith(ERROR_MSG);",
                "err": {},
                "isRoot": false,
                "uuid": "75a83e96-e5a2-4a23-8e0e-151e4f739355",
                "isHook": false,
                "skipped": false
              },
              {
                "title": "should not equal to master of ceremony",
                "fullTitle": "Contract: KeysManager [all features] #initiateKeys should not equal to master of ceremony",
                "timedOut": false,
                "duration": 18,
                "state": "passed",
                "speed": "fast",
                "pass": true,
                "fail": false,
                "pending": false,
                "code": "await keysManager.initiateKeys(masterOfCeremony, {from: masterOfCeremony}).should.be.rejectedWith(ERROR_MSG);",
                "err": {},
                "isRoot": false,
                "uuid": "9a043959-2c3c-465e-8f8a-e0e7bf17ae03",
                "isHook": false,
                "skipped": false
              },
              {
                "title": "should not allow to initialize more than maxNumberOfInitialKeys",
                "fullTitle": "Contract: KeysManager [all features] #initiateKeys should not allow to initialize more than maxNumberOfInitialKeys",
                "timedOut": false,
                "duration": 162,
                "state": "passed",
                "speed": "slow",
                "pass": true,
                "fail": false,
                "pending": false,
                "code": "await keysManager.setMaxNumberOfInitialKeys(2);\nlet maxNumberOfInitialKeys = await keysManager.maxNumberOfInitialKeys();\nmaxNumberOfInitialKeys.should.be.bignumber.equal(2);\nawait keysManager.initiateKeys(accounts[1], {from: masterOfCeremony}).should.be.fulfilled;\nawait keysManager.initiateKeys(accounts[2], {from: masterOfCeremony}).should.be.fulfilled;\nawait keysManager.initiateKeys(accounts[3], {from: masterOfCeremony}).should.be.rejectedWith(ERROR_MSG);",
                "err": {},
                "isRoot": false,
                "uuid": "1ad6e1d5-696d-4c3e-841c-cc57d347424d",
                "isHook": false,
                "skipped": false
              },
              {
                "title": "should not allow to initialize more than maxNumberOfInitialKeys",
                "fullTitle": "Contract: KeysManager [all features] #initiateKeys should not allow to initialize more than maxNumberOfInitialKeys",
                "timedOut": false,
                "duration": 497,
                "state": "passed",
                "speed": "slow",
                "pass": true,
                "fail": false,
                "pending": false,
                "code": "let maxNumberOfInitialKeys = await keysManager.maxNumberOfInitialKeys();\nmaxNumberOfInitialKeys.should.be.bignumber.equal(12);\nawait keysManager.initiateKeys('0x0000000000000000000000000000000000000001', {from: masterOfCeremony}).should.be.fulfilled;\nawait keysManager.initiateKeys('0x0000000000000000000000000000000000000002', {from: masterOfCeremony}).should.be.fulfilled;\nawait keysManager.initiateKeys('0x0000000000000000000000000000000000000003', {from: masterOfCeremony}).should.be.fulfilled;\nawait keysManager.initiateKeys('0x0000000000000000000000000000000000000004', {from: masterOfCeremony}).should.be.fulfilled;\nawait keysManager.initiateKeys('0x0000000000000000000000000000000000000005', {from: masterOfCeremony}).should.be.fulfilled;\nawait keysManager.initiateKeys('0x0000000000000000000000000000000000000006', {from: masterOfCeremony}).should.be.fulfilled;\nawait keysManager.initiateKeys('0x0000000000000000000000000000000000000007', {from: masterOfCeremony}).should.be.fulfilled;\nawait keysManager.initiateKeys('0x0000000000000000000000000000000000000008', {from: masterOfCeremony}).should.be.fulfilled;\nawait keysManager.initiateKeys('0x0000000000000000000000000000000000000009', {from: masterOfCeremony}).should.be.fulfilled;\nawait keysManager.initiateKeys('0x0000000000000000000000000000000000000010', {from: masterOfCeremony}).should.be.fulfilled;\nawait keysManager.initiateKeys('0x0000000000000000000000000000000000000011', {from: masterOfCeremony}).should.be.fulfilled;\nawait keysManager.initiateKeys('0x0000000000000000000000000000000000000012', {from: masterOfCeremony}).should.be.fulfilled;\nawait keysManager.initiateKeys('0x0000000000000000000000000000000000000013', {from: masterOfCeremony}).should.be.rejectedWith(ERROR_MSG);",
                "err": {},
                "isRoot": false,
                "uuid": "5eff4b39-634e-4772-a3ec-a22d819ad83b",
                "isHook": false,
                "skipped": false
              },
              {
                "title": "should increment initialKeyCount by 1",
                "fullTitle": "Contract: KeysManager [all features] #initiateKeys should increment initialKeyCount by 1",
                "timedOut": false,
                "duration": 77,
                "state": "passed",
                "speed": "slow",
                "pass": true,
                "fail": false,
                "pending": false,
                "code": "let initialKeysCount = await keysManager.initialKeysCount();\ninitialKeysCount.should.be.bignumber.equal(0);\nawait keysManager.initiateKeys(accounts[1], {from: masterOfCeremony}).should.be.fulfilled;\ninitialKeysCount = await keysManager.initialKeysCount();\ninitialKeysCount.should.be.bignumber.equal(1);",
                "err": {},
                "isRoot": false,
                "uuid": "43e00929-9f4b-46b6-8ce4-dfa58f50b9df",
                "isHook": false,
                "skipped": false
              },
              {
                "title": "should set initialKeys hash to activated status",
                "fullTitle": "Contract: KeysManager [all features] #initiateKeys should set initialKeys hash to activated status",
                "timedOut": false,
                "duration": 89,
                "state": "passed",
                "speed": "slow",
                "pass": true,
                "fail": false,
                "pending": false,
                "code": "new web3.BigNumber(0).should.be.bignumber.equal(await keysManager.initialKeys(accounts[1]));\nconst {logs} = await keysManager.initiateKeys(accounts[1], {from: masterOfCeremony}).should.be.fulfilled;\nnew web3.BigNumber(1).should.be.bignumber.equal(await keysManager.initialKeys(accounts[1]));\nlet initialKeysCount = await keysManager.initialKeysCount();\n// event InitialKeyCreated(address indexed initialKey, uint256 time, uint256 initialKeysCount);\nlogs[0].event.should.equal(\"InitialKeyCreated\");\nlogs[0].args.initialKey.should.be.equal(accounts[1]);\ninitialKeysCount.should.be.bignumber.equal(logs[0].args.initialKeysCount);",
                "err": {},
                "isRoot": false,
                "uuid": "b60d6b0b-4e1d-4d43-9570-92bc2f4fcabe",
                "isHook": false,
                "skipped": false
              }
            ],
            "suites": [],
            "passes": [
              "c11fc9cd-13a8-4cf0-a4d8-578185fc73a1",
              "26b968c6-4e34-42e6-a3b2-b72fecde7d49",
              "269755b7-ceff-4810-9f93-3aa6f907ec57",
              "75a83e96-e5a2-4a23-8e0e-151e4f739355",
              "9a043959-2c3c-465e-8f8a-e0e7bf17ae03",
              "1ad6e1d5-696d-4c3e-841c-cc57d347424d",
              "5eff4b39-634e-4772-a3ec-a22d819ad83b",
              "43e00929-9f4b-46b6-8ce4-dfa58f50b9df",
              "b60d6b0b-4e1d-4d43-9570-92bc2f4fcabe"
            ],
            "failures": [],
            "pending": [],
            "skipped": [],
            "duration": 1128,
            "root": false,
            "rootEmpty": false,
            "_timeout": 300000
          },
          {
            "uuid": "cbdb7684-04f7-44fc-bbf5-91a66705aada",
            "title": "#createKeys",
            "fullFile": "/home/travis/build/poanetwork/poa-network-consensus-contracts/test/keys_manager_test.js",
            "file": "/test/keys_manager_test.js",
            "beforeHooks": [],
            "afterHooks": [],
            "tests": [
              {
                "title": "should only be called from initialized key",
                "fullTitle": "Contract: KeysManager [all features] #createKeys should only be called from initialized key",
                "timedOut": false,
                "duration": 121,
                "state": "passed",
                "speed": "slow",
                "pass": true,
                "fail": false,
                "pending": false,
                "code": "await keysManager.createKeys(accounts[2], accounts[3], accounts[4], {from: accounts[1]}).should.be.rejectedWith(ERROR_MSG);\nawait keysManager.initiateKeys(accounts[1], {from: masterOfCeremony}).should.be.fulfilled;\nawait keysManager.createKeys(accounts[2], accounts[3], accounts[4], {from: accounts[1]}).should.be.fulfilled;",
                "err": {},
                "isRoot": false,
                "uuid": "0ea8ab7b-ba81-4e28-a842-f402448c91b0",
                "isHook": false,
                "skipped": false
              },
              {
                "title": "params should not be equal to each other",
                "fullTitle": "Contract: KeysManager [all features] #createKeys params should not be equal to each other",
                "timedOut": false,
                "duration": 110,
                "state": "passed",
                "speed": "slow",
                "pass": true,
                "fail": false,
                "pending": false,
                "code": "await keysManager.initiateKeys(accounts[1], {from: masterOfCeremony}).should.be.fulfilled;\nawait keysManager.createKeys(masterOfCeremony, masterOfCeremony, accounts[2], {from: accounts[1]}).should.be.rejectedWith(ERROR_MSG);\nawait keysManager.createKeys(masterOfCeremony, accounts[2], accounts[2], {from: accounts[1]}).should.be.rejectedWith(ERROR_MSG);\nawait keysManager.createKeys(masterOfCeremony, accounts[2], masterOfCeremony, {from: accounts[1]}).should.be.rejectedWith(ERROR_MSG);",
                "err": {},
                "isRoot": false,
                "uuid": "8c516c0e-7e8f-4bf1-a59b-e7df0e8d0b23",
                "isHook": false,
                "skipped": false
              },
              {
                "title": "any of params should not be equal to initialKey",
                "fullTitle": "Contract: KeysManager [all features] #createKeys any of params should not be equal to initialKey",
                "timedOut": false,
                "duration": 163,
                "state": "passed",
                "speed": "slow",
                "pass": true,
                "fail": false,
                "pending": false,
                "code": "await keysManager.initiateKeys(accounts[1], {from: masterOfCeremony}).should.be.fulfilled;\nawait keysManager.createKeys(accounts[1], masterOfCeremony, accounts[2], {from: accounts[1]}).should.be.rejectedWith(ERROR_MSG);\nawait keysManager.createKeys(masterOfCeremony, accounts[1], accounts[2], {from: accounts[1]}).should.be.rejectedWith(ERROR_MSG);\nawait keysManager.createKeys(masterOfCeremony, accounts[2], accounts[1], {from: accounts[1]}).should.be.rejectedWith(ERROR_MSG);",
                "err": {},
                "isRoot": false,
                "uuid": "6fe59341-cc5b-4932-a366-2dbd5ff7eda5",
                "isHook": false,
                "skipped": false
              },
              {
                "title": "should assign mining, voting, payout keys to relative mappings",
                "fullTitle": "Contract: KeysManager [all features] #createKeys should assign mining, voting, payout keys to relative mappings",
                "timedOut": false,
                "duration": 160,
                "state": "passed",
                "speed": "slow",
                "pass": true,
                "fail": false,
                "pending": false,
                "code": "await keysManager.initiateKeys(accounts[1], {from: masterOfCeremony}).should.be.fulfilled;\nconst {logs} = await keysManager.createKeys(accounts[4], accounts[3], accounts[2], {from: accounts[1]}).should.be.fulfilled;\ntrue.should.be.equal(\n  await keysManager.isMiningActive(accounts[4])\n)\ntrue.should.be.equal(\n  await keysManager.isVotingActive(accounts[3])\n)\ntrue.should.be.equal(\n  await keysManager.isPayoutActive(accounts[4])\n)\n// event ValidatorInitialized(address indexed miningKey, address indexed votingKey, address indexed payoutKey);\nlogs[0].event.should.be.equal('ValidatorInitialized');\nlogs[0].args.miningKey.should.be.equal(accounts[4]);\nlogs[0].args.votingKey.should.be.equal(accounts[3]);\nlogs[0].args.payoutKey.should.be.equal(accounts[2]);",
                "err": {},
                "isRoot": false,
                "uuid": "f7ffdf87-8a75-440b-a9e2-ae8bc2486620",
                "isHook": false,
                "skipped": false
              },
              {
                "title": "should assigns voting <-> mining key relationship",
                "fullTitle": "Contract: KeysManager [all features] #createKeys should assigns voting <-> mining key relationship",
                "timedOut": false,
                "duration": 118,
                "state": "passed",
                "speed": "slow",
                "pass": true,
                "fail": false,
                "pending": false,
                "code": "await keysManager.initiateKeys(accounts[1], {from: masterOfCeremony}).should.be.fulfilled;\nawait keysManager.createKeys(accounts[4], accounts[3], accounts[2], {from: accounts[1]});\nconst miningKey = await keysManager.getMiningKeyByVoting(accounts[3]);\nminingKey.should.be.equal(accounts[4]);",
                "err": {},
                "isRoot": false,
                "uuid": "530ae0db-f79b-4f5f-8839-987b5e5e0b02",
                "isHook": false,
                "skipped": false
              },
              {
                "title": "adds validator to poaConsensus contract",
                "fullTitle": "Contract: KeysManager [all features] #createKeys adds validator to poaConsensus contract",
                "timedOut": false,
                "duration": 120,
                "state": "passed",
                "speed": "slow",
                "pass": true,
                "fail": false,
                "pending": false,
                "code": "let miningKey = accounts[4];\nawait keysManager.initiateKeys(accounts[1], {from: masterOfCeremony}).should.be.fulfilled;\nawait keysManager.createKeys(miningKey, accounts[3], accounts[2], {from: accounts[1]});\nconst index = await poaNetworkConsensusMock.currentValidatorsLength();\n(await poaNetworkConsensusMock.pendingList(index)).should.be.equal(miningKey);",
                "err": {},
                "isRoot": false,
                "uuid": "5c3632f2-4f11-45ce-9eef-c7b6973ba5b3",
                "isHook": false,
                "skipped": false
              },
              {
                "title": "should set validatorKeys hash",
                "fullTitle": "Contract: KeysManager [all features] #createKeys should set validatorKeys hash",
                "timedOut": false,
                "duration": 140,
                "state": "passed",
                "speed": "slow",
                "pass": true,
                "fail": false,
                "pending": false,
                "code": "let miningKey = accounts[4];\nawait keysManager.initiateKeys(accounts[1], {from: masterOfCeremony}).should.be.fulfilled;\nawait keysManager.createKeys(miningKey, accounts[3], accounts[2], {from: accounts[1]});\nconst validatorKey = await keysManager.validatorKeys(miningKey);\nvalidatorKey.should.be.deep.equal([\n  accounts[3],\n  accounts[2],\n  true,\n  true,\n  true\n])",
                "err": {},
                "isRoot": false,
                "uuid": "a20467ca-4f45-4338-90e8-b39a05d24e4e",
                "isHook": false,
                "skipped": false
              },
              {
                "title": "should set validatorKeys hash",
                "fullTitle": "Contract: KeysManager [all features] #createKeys should set validatorKeys hash",
                "timedOut": false,
                "duration": 141,
                "state": "passed",
                "speed": "slow",
                "pass": true,
                "fail": false,
                "pending": false,
                "code": "let miningKey = accounts[4];\nawait keysManager.initiateKeys(accounts[1], {from: masterOfCeremony}).should.be.fulfilled;\nawait keysManager.createKeys(miningKey, accounts[3], accounts[2], {from: accounts[1]});\nnew web3.BigNumber(2).should.be.bignumber.equal(await keysManager.initialKeys(accounts[1]));",
                "err": {},
                "isRoot": false,
                "uuid": "c9ac34f6-fa6c-4907-af85-04bbb768e919",
                "isHook": false,
                "skipped": false
              }
            ],
            "suites": [],
            "passes": [
              "0ea8ab7b-ba81-4e28-a842-f402448c91b0",
              "8c516c0e-7e8f-4bf1-a59b-e7df0e8d0b23",
              "6fe59341-cc5b-4932-a366-2dbd5ff7eda5",
              "f7ffdf87-8a75-440b-a9e2-ae8bc2486620",
              "530ae0db-f79b-4f5f-8839-987b5e5e0b02",
              "5c3632f2-4f11-45ce-9eef-c7b6973ba5b3",
              "a20467ca-4f45-4338-90e8-b39a05d24e4e",
              "c9ac34f6-fa6c-4907-af85-04bbb768e919"
            ],
            "failures": [],
            "pending": [],
            "skipped": [],
            "duration": 1073,
            "root": false,
            "rootEmpty": false,
            "_timeout": 300000
          },
          {
            "uuid": "3d4a3817-f8ce-40aa-a6fc-45140dd3bdbb",
            "title": "#addMiningKey",
            "fullFile": "/home/travis/build/poanetwork/poa-network-consensus-contracts/test/keys_manager_test.js",
            "file": "/test/keys_manager_test.js",
            "beforeHooks": [],
            "afterHooks": [],
            "tests": [
              {
                "title": "should only be called from votingToChangeKeys",
                "fullTitle": "Contract: KeysManager [all features] #addMiningKey should only be called from votingToChangeKeys",
                "timedOut": false,
                "duration": 116,
                "state": "passed",
                "speed": "slow",
                "pass": true,
                "fail": false,
                "pending": false,
                "code": "await keysManager.addMiningKey(accounts[1],{from: accounts[5]}).should.be.rejectedWith(ERROR_MSG);\nawait proxyStorageMock.setVotingContractMock(accounts[2]);\nawait keysManager.addMiningKey(accounts[1], {from: accounts[2]}).should.be.fulfilled;",
                "err": {},
                "isRoot": false,
                "uuid": "68c2bf04-7251-464c-882c-ad752253dd3f",
                "isHook": false,
                "skipped": false
              },
              {
                "title": "should not let add more than maxLimit",
                "fullTitle": "Contract: KeysManager [all features] #addMiningKey should not let add more than maxLimit",
                "timedOut": false,
                "duration": 51,
                "state": "passed",
                "speed": "medium",
                "pass": true,
                "fail": false,
                "pending": false,
                "code": "await poaNetworkConsensusMock.setCurrentValidatorsLength(2001);\nawait keysManager.addMiningKey(accounts[2]).should.be.rejectedWith(ERROR_MSG);",
                "err": {},
                "isRoot": false,
                "uuid": "f4382666-711f-48ad-b713-cc511017a8b1",
                "isHook": false,
                "skipped": false
              },
              {
                "title": "should set validatorKeys hash",
                "fullTitle": "Contract: KeysManager [all features] #addMiningKey should set validatorKeys hash",
                "timedOut": false,
                "duration": 79,
                "state": "passed",
                "speed": "slow",
                "pass": true,
                "fail": false,
                "pending": false,
                "code": "const {logs} = await keysManager.addMiningKey(accounts[2]).should.be.fulfilled;\nconst validator = await keysManager.validatorKeys(accounts[2]);\nvalidator.should.be.deep.equal(\n  [ '0x0000000000000000000000000000000000000000',\n  '0x0000000000000000000000000000000000000000',\n  true,\n  false,\n  false]\n)\nlogs[0].event.should.be.equal('MiningKeyChanged');\nlogs[0].args.key.should.be.equal(accounts[2]);\nlogs[0].args.action.should.be.equal('added');",
                "err": {},
                "isRoot": false,
                "uuid": "0e6b6482-873a-431d-ae55-4279a0f46388",
                "isHook": false,
                "skipped": false
              }
            ],
            "suites": [],
            "passes": [
              "68c2bf04-7251-464c-882c-ad752253dd3f",
              "f4382666-711f-48ad-b713-cc511017a8b1",
              "0e6b6482-873a-431d-ae55-4279a0f46388"
            ],
            "failures": [],
            "pending": [],
            "skipped": [],
            "duration": 246,
            "root": false,
            "rootEmpty": false,
            "_timeout": 300000
          },
          {
            "uuid": "db87a691-5f4f-4ab1-a394-44ab8312ca3a",
            "title": "#addVotingKey",
            "fullFile": "/home/travis/build/poanetwork/poa-network-consensus-contracts/test/keys_manager_test.js",
            "file": "/test/keys_manager_test.js",
            "beforeHooks": [],
            "afterHooks": [],
            "tests": [
              {
                "title": "should add VotingKey",
                "fullTitle": "Contract: KeysManager [all features] #addVotingKey should add VotingKey",
                "timedOut": false,
                "duration": 168,
                "state": "passed",
                "speed": "slow",
                "pass": true,
                "fail": false,
                "pending": false,
                "code": "await keysManager.addVotingKey(accounts[2],accounts[1], {from: accounts[3]}).should.be.rejectedWith(ERROR_MSG);\nawait keysManager.addMiningKey(accounts[1]).should.be.fulfilled;\nconst {logs} = await keysManager.addVotingKey(accounts[2], accounts[1]).should.be.fulfilled;\ntrue.should.be.equal(await keysManager.isVotingActive(accounts[2]));\nlogs[0].event.should.be.equal('VotingKeyChanged');\nlogs[0].args.key.should.be.equal(accounts[2]);\nlogs[0].args.miningKey.should.be.equal(accounts[1]);\nlogs[0].args.action.should.be.equal('added');\nconst miningKey = await keysManager.getMiningKeyByVoting(accounts[2]);\nminingKey.should.be.equal(accounts[1]);",
                "err": {},
                "isRoot": false,
                "uuid": "d5730eac-c61c-4fcf-97d2-ecd0de18958f",
                "isHook": false,
                "skipped": false
              },
              {
                "title": "should only be called if mining is active",
                "fullTitle": "Contract: KeysManager [all features] #addVotingKey should only be called if mining is active",
                "timedOut": false,
                "duration": 166,
                "state": "passed",
                "speed": "slow",
                "pass": true,
                "fail": false,
                "pending": false,
                "code": "await keysManager.addMiningKey(accounts[1]).should.be.fulfilled;\nawait keysManager.removeMiningKey(accounts[1]).should.be.fulfilled;\nawait keysManager.addVotingKey(accounts[2], accounts[1]).should.be.rejectedWith(ERROR_MSG);",
                "err": {},
                "isRoot": false,
                "uuid": "048bc3f8-1fac-42e4-9803-a142b852cd03",
                "isHook": false,
                "skipped": false
              },
              {
                "title": "swaps keys if voting already exists",
                "fullTitle": "Contract: KeysManager [all features] #addVotingKey swaps keys if voting already exists",
                "timedOut": false,
                "duration": 234,
                "state": "passed",
                "speed": "slow",
                "pass": true,
                "fail": false,
                "pending": false,
                "code": "await keysManager.addMiningKey(accounts[1]).should.be.fulfilled;\nawait keysManager.addVotingKey(accounts[2], accounts[1]).should.be.fulfilled;\nawait keysManager.addVotingKey(accounts[3], accounts[1]).should.be.fulfilled;\nfalse.should.be.equal(await keysManager.isVotingActive(accounts[2]));\ntrue.should.be.equal(await keysManager.isVotingActive(accounts[3]));\nconst validator = await keysManager.validatorKeys(accounts[1]);\nvalidator.should.be.deep.equal(\n  [ accounts[3],\n  '0x0000000000000000000000000000000000000000',\n  true,\n  true,\n  false]\n)",
                "err": {},
                "isRoot": false,
                "uuid": "f1b2ae4b-3c55-4cf3-8adc-f7740e2308f9",
                "isHook": false,
                "skipped": false
              }
            ],
            "suites": [],
            "passes": [
              "d5730eac-c61c-4fcf-97d2-ecd0de18958f",
              "048bc3f8-1fac-42e4-9803-a142b852cd03",
              "f1b2ae4b-3c55-4cf3-8adc-f7740e2308f9"
            ],
            "failures": [],
            "pending": [],
            "skipped": [],
            "duration": 568,
            "root": false,
            "rootEmpty": false,
            "_timeout": 300000
          },
          {
            "uuid": "05d7cdee-f295-4348-a15f-6ca5f0e83cdd",
            "title": "#addPayoutKey",
            "fullFile": "/home/travis/build/poanetwork/poa-network-consensus-contracts/test/keys_manager_test.js",
            "file": "/test/keys_manager_test.js",
            "beforeHooks": [],
            "afterHooks": [],
            "tests": [
              {
                "title": "should add PayoutKey",
                "fullTitle": "Contract: KeysManager [all features] #addPayoutKey should add PayoutKey",
                "timedOut": false,
                "duration": 136,
                "state": "passed",
                "speed": "slow",
                "pass": true,
                "fail": false,
                "pending": false,
                "code": "await keysManager.addPayoutKey(accounts[2],accounts[1]).should.be.rejectedWith(ERROR_MSG);\nawait keysManager.addMiningKey(accounts[1]).should.be.fulfilled;\nconst {logs} = await keysManager.addPayoutKey(accounts[2], accounts[1]).should.be.fulfilled;\nlogs[0].event.should.be.equal('PayoutKeyChanged');\nlogs[0].args.key.should.be.equal(accounts[2]);\nlogs[0].args.miningKey.should.be.equal(accounts[1]);\nlogs[0].args.action.should.be.equal('added');",
                "err": {},
                "isRoot": false,
                "uuid": "5c6f9718-540d-4f3b-bf0b-55e7e9c8d05c",
                "isHook": false,
                "skipped": false
              },
              {
                "title": "should only be called if mining is active",
                "fullTitle": "Contract: KeysManager [all features] #addPayoutKey should only be called if mining is active",
                "timedOut": false,
                "duration": 166,
                "state": "passed",
                "speed": "slow",
                "pass": true,
                "fail": false,
                "pending": false,
                "code": "await keysManager.addMiningKey(accounts[1]).should.be.fulfilled;\nawait keysManager.removeMiningKey(accounts[1]).should.be.fulfilled;\nawait keysManager.addPayoutKey(accounts[2], accounts[1]).should.be.rejectedWith(ERROR_MSG);",
                "err": {},
                "isRoot": false,
                "uuid": "e4d75c9b-02b4-4c28-8929-de4caab7bee5",
                "isHook": false,
                "skipped": false
              },
              {
                "title": "swaps keys if voting already exists",
                "fullTitle": "Contract: KeysManager [all features] #addPayoutKey swaps keys if voting already exists",
                "timedOut": false,
                "duration": 193,
                "state": "passed",
                "speed": "slow",
                "pass": true,
                "fail": false,
                "pending": false,
                "code": "await keysManager.addMiningKey(accounts[1]).should.be.fulfilled;\nawait keysManager.addPayoutKey(accounts[2], accounts[1]).should.be.fulfilled;\nawait keysManager.addPayoutKey(accounts[3], accounts[1]).should.be.fulfilled;\ntrue.should.be.equal(await keysManager.isPayoutActive(accounts[1]));\nconst validator = await keysManager.validatorKeys(accounts[1]);\nvalidator.should.be.deep.equal(\n  [ '0x0000000000000000000000000000000000000000',\n  accounts[3],\n  true,\n  false,\n  true]\n)",
                "err": {},
                "isRoot": false,
                "uuid": "80cffed2-98df-486d-97db-c7d3b5097633",
                "isHook": false,
                "skipped": false
              }
            ],
            "suites": [],
            "passes": [
              "5c6f9718-540d-4f3b-bf0b-55e7e9c8d05c",
              "e4d75c9b-02b4-4c28-8929-de4caab7bee5",
              "80cffed2-98df-486d-97db-c7d3b5097633"
            ],
            "failures": [],
            "pending": [],
            "skipped": [],
[...]
                "uuid": "c0842cb8-f7d2-49f6-8a0b-1221474b4f05",
                "isHook": false,
                "skipped": false
              },
              {
                "title": "should not let vote after endTime key",
                "fullTitle": "Contract: VotingToChangeProxyAddress [all features] #vote should not let vote after endTime key",
                "timedOut": false,
                "duration": 108,
                "state": "passed",
                "speed": "slow",
                "pass": true,
                "fail": false,
                "pending": false,
                "code": "await voting.setTime(VOTING_END_DATE + 1);\nawait voting.vote(id, choice.reject, { from: votingKey }).should.be.rejectedWith(ERROR_MSG);",
                "err": {},
                "isRoot": false,
                "uuid": "2fbf8948-9547-4d10-81b6-7070aa078fcd",
                "isHook": false,
                "skipped": false
              },
              {
                "title": "should not let vote with already voted key",
                "fullTitle": "Contract: VotingToChangeProxyAddress [all features] #vote should not let vote with already voted key",
                "timedOut": false,
                "duration": 175,
                "state": "passed",
                "speed": "slow",
                "pass": true,
                "fail": false,
                "pending": false,
                "code": "await voting.setTime(VOTING_END_DATE);\nawait voting.vote(id, choice.reject, { from: votingKey }).should.be.fulfilled;\nawait voting.vote(id, choice.reject, { from: votingKey }).should.be.rejectedWith(ERROR_MSG);",
                "err": {},
                "isRoot": false,
                "uuid": "7b5309b9-1abe-4935-8ff8-9e12d00b3287",
                "isHook": false,
                "skipped": false
              },
              {
                "title": "should not let vote with invalid choice",
                "fullTitle": "Contract: VotingToChangeProxyAddress [all features] #vote should not let vote with invalid choice",
                "timedOut": false,
                "duration": 149,
                "state": "passed",
                "speed": "slow",
                "pass": true,
                "fail": false,
                "pending": false,
                "code": "await voting.setTime(VOTING_END_DATE);\nawait voting.vote(id, 0, { from: votingKey }).should.be.rejectedWith(ERROR_MSG);\nawait voting.vote(id, 3, { from: votingKey }).should.be.rejectedWith(ERROR_MSG);",
                "err": {},
                "isRoot": false,
                "uuid": "e9515075-8460-4acf-ad97-6ca538701574",
                "isHook": false,
                "skipped": false
              },
              {
                "title": "should not let vote with invalid id",
                "fullTitle": "Contract: VotingToChangeProxyAddress [all features] #vote should not let vote with invalid id",
                "timedOut": false,
                "duration": 143,
                "state": "passed",
                "speed": "slow",
                "pass": true,
                "fail": false,
                "pending": false,
                "code": "await voting.setTime(VOTING_END_DATE);\nawait voting.vote(99, 1, { from: votingKey }).should.be.rejectedWith(ERROR_MSG);\nawait voting.vote(-3, 1, { from: votingKey }).should.be.rejectedWith(ERROR_MSG);",
                "err": {},
                "isRoot": false,
                "uuid": "bcbb730b-3236-4c93-8742-0413b5b217c3",
                "isHook": false,
                "skipped": false
              }
            ],
            "suites": [],
            "passes": [
              "a2ad6e1b-6461-481e-bd5f-666b19ae9f81",
              "7263147c-42a5-4d25-9344-65baa9d7025d",
              "99fb8182-d4fc-4122-90f4-aa0680fb0bfa",
              "8cc1a934-bec5-4b38-a4ae-33d6f7f738ab",
              "c0842cb8-f7d2-49f6-8a0b-1221474b4f05",
              "2fbf8948-9547-4d10-81b6-7070aa078fcd",
              "7b5309b9-1abe-4935-8ff8-9e12d00b3287",
              "e9515075-8460-4acf-ad97-6ca538701574",
              "bcbb730b-3236-4c93-8742-0413b5b217c3"
            ],
            "failures": [],
            "pending": [],
            "skipped": [],
            "duration": 1624,
            "root": false,
            "rootEmpty": false,
            "_timeout": 300000
          },
          {
            "uuid": "412ffb7b-441c-4bb9-b99d-7a25041c3487",
            "title": "#finalize",
            "fullFile": "/home/travis/build/poanetwork/poa-network-consensus-contracts/test/voting_to_change_proxy_test.js",
            "file": "/test/voting_to_change_proxy_test.js",
            "beforeHooks": [
              {
                "title": "\"before each\" hook",
                "fullTitle": "Contract: VotingToChangeProxyAddress [all features] #finalize \"before each\" hook",
                "timedOut": false,
                "duration": 450,
                "pass": false,
                "fail": false,
                "pending": false,
                "code": "VOTING_START_DATE = moment.utc().add(20, 'seconds').unix();\nVOTING_END_DATE = moment.utc().add(10, 'days').unix();\nawait proxyStorageMock.setVotingContractMock(accounts[0]);\nawait keysManager.addMiningKey(accounts[1]).should.be.fulfilled;\nawait keysManager.addVotingKey(votingKey, accounts[1]).should.be.fulfilled;\nawait keysManager.addMiningKey(accounts[6]).should.be.fulfilled;\nawait keysManager.addVotingKey(votingKey2, accounts[6]).should.be.fulfilled;\nawait keysManager.addMiningKey(accounts[4]).should.be.fulfilled;\nawait keysManager.addVotingKey(votingKey3, accounts[4]).should.be.fulfilled;\nawait poaNetworkConsensusMock.setSystemAddress(accounts[0]);\nawait poaNetworkConsensusMock.finalizeChange().should.be.fulfilled;\nawait proxyStorageMock.setVotingContractMock(voting.address);",
                "err": {},
                "isRoot": false,
                "uuid": "cf449b86-e09a-4810-b06d-56278f7d92d1",
                "isHook": true,
                "skipped": false
              }
            ],
            "afterHooks": [],
            "tests": [
              {
                "title": "doesnot change if it did not pass minimum threshold",
                "fullTitle": "Contract: VotingToChangeProxyAddress [all features] #finalize doesnot change if it did not pass minimum threshold",
                "timedOut": false,
                "duration": 454,
                "state": "passed",
                "speed": "slow",
                "pass": true,
                "fail": false,
                "pending": false,
                "code": "let proposedValue = 5;\nlet contractType = 1; //keysManager\nvotingId = await voting.nextBallotId();\nawait voting.createBallotToChangeProxyAddress(\n  VOTING_START_DATE, VOTING_END_DATE, accounts[5], contractType, \"memo\", { from: votingKey }\n);\nawait voting.finalize(votingId, { from: votingKey }).should.be.rejectedWith(ERROR_MSG);\nawait voting.setTime(VOTING_START_DATE);\nawait voting.vote(votingId, choice.accept, { from: votingKey }).should.be.fulfilled;\n// await voting.vote(votingId, choice.accept, {from: votingKey2}).should.be.fulfilled;\nawait voting.setTime(VOTING_END_DATE + 1);\nconst { logs } = await voting.finalize(votingId, { from: votingKey }).should.be.fulfilled;\nawait voting.vote(votingId, choice.accept, { from: votingKey }).should.be.rejectedWith(ERROR_MSG);\nactiveBallotsLength = await voting.activeBallotsLength();\nactiveBallotsLength.should.be.bignumber.equal(0);\ntrue.should.be.equal(await voting.getIsFinalized(votingId));\n// Finalized(msg.sender);\nlogs[0].event.should.be.equal(\"BallotFinalized\");\nlogs[0].args.voter.should.be.equal(votingKey);\nconst votingState = await voting.votingState(votingId);\nvotingState.should.be.deep.equal([\n  new web3.BigNumber(VOTING_START_DATE),\n  new web3.BigNumber(VOTING_END_DATE),\n  new web3.BigNumber(1), //totalVoters\n  new web3.BigNumber(1), //progress\n  true, //isFinalized\n  new web3.BigNumber(3), //quorumState enum QuorumStates {Invalid, InProgress, Accepted, Rejected}\n  new web3.BigNumber(0), //index\n  new web3.BigNumber(2), //minThreshold\n  accounts[5], //porposedValue\n  new web3.BigNumber(contractType),\n  miningKeyForVotingKey, //creator\n  \"memo\"\n])\ntrue.should.be.equal(\n  await voting.hasAlreadyVoted(votingId, votingKey)\n);\nconst minThresholdOfVoters = await ballotsStorage.getBallotThreshold(1);\nminThresholdOfVoters.should.be.bignumber.equal(3);",
                "err": {},
                "isRoot": false,
                "uuid": "fb1286e3-fbca-4708-8f03-6cc4ab0912bf",
                "isHook": false,
                "skipped": false
              },
              {
                "title": "should change getKeysManager address",
                "fullTitle": "Contract: VotingToChangeProxyAddress [all features] #finalize should change getKeysManager address",
                "timedOut": false,
                "duration": 581,
                "state": "passed",
                "speed": "slow",
                "pass": true,
                "fail": false,
                "pending": false,
                "code": "let contractType = 1;\nlet newAddress = accounts[5];\nawait deployAndTest({contractType, newAddress})\nnewAddress.should.be.equal(await proxyStorageMock.getKeysManager());",
                "err": {},
                "isRoot": false,
                "uuid": "f881af57-ad7f-45c1-bba4-cab4549f3f85",
                "isHook": false,
                "skipped": false
              },
              {
                "title": "should change getVotingToChangeKeys",
                "fullTitle": "Contract: VotingToChangeProxyAddress [all features] #finalize should change getVotingToChangeKeys",
                "timedOut": false,
                "duration": 726,
                "state": "passed",
                "speed": "slow",
                "pass": true,
                "fail": false,
                "pending": false,
                "code": "let contractType = 2;\nlet newAddress = accounts[5];\nawait deployAndTest({contractType, newAddress})\nnewAddress.should.be.equal(await proxyStorageMock.getVotingToChangeKeys());",
                "err": {},
                "isRoot": false,
                "uuid": "41d147af-8633-4f7a-a53c-3aba53d1af6c",
                "isHook": false,
                "skipped": false
              },
              {
                "title": "should change getVotingToChangeMinThreshold",
                "fullTitle": "Contract: VotingToChangeProxyAddress [all features] #finalize should change getVotingToChangeMinThreshold",
                "timedOut": false,
                "duration": 714,
                "state": "passed",
                "speed": "slow",
                "pass": true,
                "fail": false,
                "pending": false,
                "code": "let contractType = 3;\nlet newAddress = accounts[5];\nawait deployAndTest({contractType, newAddress})\nnewAddress.should.be.equal(await proxyStorageMock.getVotingToChangeMinThreshold());",
                "err": {},
                "isRoot": false,
                "uuid": "adf2eab9-4e6c-4da1-b81b-0f29da658aa2",
                "isHook": false,
                "skipped": false
              },
              {
                "title": "should change getVotingToChangeProxy",
                "fullTitle": "Contract: VotingToChangeProxyAddress [all features] #finalize should change getVotingToChangeProxy",
                "timedOut": false,
                "duration": 670,
                "state": "passed",
                "speed": "slow",
                "pass": true,
                "fail": false,
                "pending": false,
                "code": "let contractType = 4;\nlet newAddress = accounts[5];\nawait deployAndTest({contractType, newAddress})\nnewAddress.should.be.equal(await proxyStorageMock.getVotingToChangeProxy());",
                "err": {},
                "isRoot": false,
                "uuid": "875b5610-3581-459a-8ff2-fc688d30d61c",
                "isHook": false,
                "skipped": false
              },
              {
                "title": "should change getBallotsStorage",
                "fullTitle": "Contract: VotingToChangeProxyAddress [all features] #finalize should change getBallotsStorage",
                "timedOut": false,
                "duration": 734,
                "state": "passed",
                "speed": "slow",
                "pass": true,
                "fail": false,
                "pending": false,
                "code": "let contractType = 5;\nlet newAddress = accounts[5];\nawait deployAndTest({contractType, newAddress})\nnewAddress.should.be.equal(await proxyStorageMock.getBallotsStorage());",
                "err": {},
                "isRoot": false,
                "uuid": "6b53833b-8706-447e-a2fa-26987b06b653",
                "isHook": false,
                "skipped": false
              },
              {
                "title": "should change ValidatorMetadata implementation",
                "fullTitle": "Contract: VotingToChangeProxyAddress [all features] #finalize should change ValidatorMetadata implementation",
                "timedOut": false,
                "duration": 777,
                "state": "passed",
                "speed": "slow",
                "pass": true,
                "fail": false,
                "pending": false,
                "code": "let contractType = 7;\nlet validatorMetadataNew = await ValidatorMetadata.new();\nlet newAddress = validatorMetadataNew.address;\nawait deployAndTest({contractType, newAddress})\nlet eternalProxyAddress = await proxyStorageMock.getValidatorMetadata();\nlet eternalProxy = await EternalStorageProxy.at(eternalProxyAddress);\nnewAddress.should.be.equal(await eternalProxy.implementation());",
                "err": {},
                "isRoot": false,
                "uuid": "90152fd8-5360-4e33-8586-312e1f0a1e2b",
                "isHook": false,
                "skipped": false
              },
              {
                "title": "should change ValidatorMetadata storage",
                "fullTitle": "Contract: VotingToChangeProxyAddress [all features] #finalize should change ValidatorMetadata storage",
                "timedOut": false,
                "duration": 817,
                "state": "passed",
                "speed": "slow",
                "pass": true,
                "fail": false,
                "pending": false,
                "code": "let contractType = 8;\nlet validatorMetadataEternalStorageNew = await EternalStorageProxy.new(proxyStorageMock.address, validatorMetadata.address);\nlet newAddress = validatorMetadataEternalStorageNew.address;\nawait deployAndTest({contractType, newAddress})\nnewAddress.should.be.equal(await proxyStorageMock.getValidatorMetadata());",
                "err": {},
                "isRoot": false,
                "uuid": "a84d0338-3c1f-41eb-bb32-5ac25d9ba05b",
                "isHook": false,
                "skipped": false
              },
              {
                "title": "prevents double finalize",
                "fullTitle": "Contract: VotingToChangeProxyAddress [all features] #finalize prevents double finalize",
                "timedOut": false,
                "duration": 1042,
                "state": "passed",
                "speed": "slow",
                "pass": true,
                "fail": false,
                "pending": false,
                "code": "let newAddress1 = accounts[4];\nlet newAddress2 = accounts[5];\nlet contractType1 = 4;\nlet contractType2 = 5;\nawait voting.createBallotToChangeProxyAddress(\n  VOTING_START_DATE, VOTING_END_DATE, newAddress1, contractType1, \"memo\", { from: votingKey }\n);\nawait voting.createBallotToChangeProxyAddress(\n  VOTING_START_DATE+2, VOTING_END_DATE+2, newAddress2, contractType2, \"memo\", { from: votingKey }\n);\n  \nconst activeBallotsLength = await voting.activeBallotsLength();\nvotingId = await voting.activeBallots(activeBallotsLength.toNumber() - 2);\nlet votingIdForSecond = votingId.add(1);\nawait voting.setTime(VOTING_START_DATE);\nawait voting.vote(votingId, choice.reject, {from: votingKey}).should.be.fulfilled;\nfalse.should.be.equal(await voting.hasAlreadyVoted(votingId, votingKey2));\nawait voting.vote(votingId, choice.accept, {from: votingKey2}).should.be.fulfilled;\nawait voting.vote(votingId, choice.accept, {from: votingKey3}).should.be.fulfilled;\nawait voting.setTime(VOTING_END_DATE + 1);\nfalse.should.be.equal(await voting.getIsFinalized(votingId));\nawait voting.finalize(votingId, {from: votingKey}).should.be.fulfilled;\ntrue.should.be.equal(await voting.getIsFinalized(votingId));\nawait voting.finalize(votingId, {from: votingKey}).should.be.rejectedWith(ERROR_MSG);\nawait voting.finalize(votingIdForSecond, {from: votingKey}).should.be.rejectedWith(ERROR_MSG);\nfalse.should.be.equal(await voting.getIsFinalized(votingIdForSecond));\nawait voting.vote(votingIdForSecond, choice.reject, {from: votingKey}).should.be.fulfilled;\nawait voting.setTime(VOTING_END_DATE + 3);\nawait voting.finalize(votingIdForSecond, {from: votingKey}).should.be.fulfilled;\nnew web3.BigNumber(-1).should.be.bignumber.equal(await voting.getProgress(votingIdForSecond))\nnew web3.BigNumber(1).should.be.bignumber.equal(await voting.getProgress(votingId))\nlet votingState1 = await voting.votingState(votingId);\nvotingState1.should.be.deep.equal([\n  new web3.BigNumber(VOTING_START_DATE),\n  new web3.BigNumber(VOTING_END_DATE),\n  new web3.BigNumber(3), //totalVoters\n  new web3.BigNumber(1), //progress\n  true, //isFinalized\n  new web3.BigNumber(2), //quorumState enum QuorumStates {Invalid, InProgress, Accepted, Rejected}\n  new web3.BigNumber(0), //index\n  new web3.BigNumber(2), //minThreshold\n  newAddress1, //proposedValue\n  new web3.BigNumber(contractType1),\n  miningKeyForVotingKey, //creator\n  \"memo\"\n])\nlet votingState2 = await voting.votingState(votingIdForSecond);\nvotingState2.should.be.deep.equal([\n  new web3.BigNumber(VOTING_START_DATE+2),\n  new web3.BigNumber(VOTING_END_DATE+2),\n  new web3.BigNumber(1), //totalVoters\n  new web3.BigNumber(-1), //progress\n  true, //isFinalized\n  new web3.BigNumber(3), //quorumState enum QuorumStates {Invalid, InProgress, Accepted, Rejected}\n  new web3.BigNumber(0), //index\n  new web3.BigNumber(2), //minThreshold\n  newAddress2, //proposedValue\n  new web3.BigNumber(contractType2),\n  miningKeyForVotingKey, //creator\n  \"memo\"\n])",
                "err": {},
                "isRoot": false,
                "uuid": "5a0d8125-ead4-4b58-8b60-eecf5d19976a",
                "isHook": false,
                "skipped": false
              }
            ],
            "suites": [],
            "passes": [
              "fb1286e3-fbca-4708-8f03-6cc4ab0912bf",
              "f881af57-ad7f-45c1-bba4-cab4549f3f85",
              "41d147af-8633-4f7a-a53c-3aba53d1af6c",
              "adf2eab9-4e6c-4da1-b81b-0f29da658aa2",
              "875b5610-3581-459a-8ff2-fc688d30d61c",
              "6b53833b-8706-447e-a2fa-26987b06b653",
              "90152fd8-5360-4e33-8586-312e1f0a1e2b",
              "a84d0338-3c1f-41eb-bb32-5ac25d9ba05b",
              "5a0d8125-ead4-4b58-8b60-eecf5d19976a"
            ],
            "failures": [],
            "pending": [],
            "skipped": [],
            "duration": 6515,
            "root": false,
            "rootEmpty": false,
            "_timeout": 300000
          }
        ],
        "passes": [],
        "failures": [],
        "pending": [],
        "skipped": [],
        "duration": 0,
        "root": false,
        "rootEmpty": false,
        "_timeout": 300000
      }
    ],
    "passes": [],
    "failures": [],
    "pending": [],
    "skipped": [],
    "duration": 0,
    "root": true,
    "rootEmpty": true,
    "_timeout": 2000
  },
  "copyrightYear": 2018
}